SF:lib/src/utils/utils.dart
DA:10,2
DA:15,2
DA:17,6
DA:18,2
DA:19,2
DA:21,3
DA:22,1
DA:23,1
DA:27,2
DA:34,2
DA:41,2
DA:49,3
DA:50,1
DA:51,1
DA:52,1
DA:53,2
DA:60,3
DA:61,1
DA:62,1
DA:63,1
DA:64,2
LF:21
LH:21
end_of_record
SF:lib/src/cancelable/cancelation_token.dart
DA:9,2
DA:12,3
DA:15,1
DA:16,1
DA:17,1
DA:18,2
LF:6
LH:6
end_of_record
SF:lib/src/exceptions/cancelation_exception.dart
DA:4,1
DA:6,1
DA:7,2
LF:3
LH:3
end_of_record
SF:lib/src/exceptions/reentrant_mutex_error.dart
DA:2,1
DA:4,1
DA:9,1
LF:3
LH:3
end_of_record
SF:lib/src/exceptions/timeout_exception.dart
DA:9,1
DA:11,1
DA:14,1
DA:15,3
LF:4
LH:4
end_of_record
SF:lib/src/mutex/alias.dart
DA:8,1
DA:9,1
DA:12,1
DA:13,1
DA:16,1
DA:17,1
DA:20,1
DA:22,1
LF:8
LH:8
end_of_record
SF:lib/src/simple_mutex/simple_mutex.dart
DA:13,1
DA:19,1
DA:20,1
DA:21,3
DA:22,1
DA:24,1
DA:27,1
DA:28,2
DA:32,1
DA:33,2
DA:34,2
DA:37,1
DA:38,1
DA:39,1
DA:40,1
DA:42,1
DA:43,1
DA:48,1
DA:49,1
DA:51,1
DA:52,1
LF:21
LH:21
end_of_record
SF:lib/src/simple_mutex/simple_reentrant_mutex.dart
DA:14,1
DA:20,1
DA:22,1
DA:24,2
DA:26,1
DA:29,2
DA:30,2
DA:31,1
DA:32,1
DA:36,1
DA:37,1
DA:40,1
DA:41,1
DA:44,1
DA:47,2
DA:48,2
DA:49,1
DA:50,1
DA:56,1
DA:57,1
DA:58,1
DA:59,1
DA:60,1
DA:61,1
DA:66,4
DA:68,1
DA:69,2
LF:27
LH:27
end_of_record
SF:lib/src/mutex/mutex.dart
DA:12,6
DA:19,2
DA:20,2
DA:22,6
DA:25,1
DA:30,1
DA:34,1
DA:40,1
DA:44,2
DA:50,2
DA:54,2
DA:60,6
DA:62,2
DA:63,12
DA:64,2
DA:68,1
DA:73,2
DA:80,4
DA:82,1
DA:83,2
DA:84,1
DA:87,1
DA:90,8
DA:91,2
DA:92,2
DA:93,2
DA:94,2
DA:96,2
DA:105,2
DA:111,2
DA:113,4
DA:114,4
DA:115,2
DA:116,2
DA:121,1
DA:127,3
DA:129,1
DA:130,6
DA:131,1
DA:135,1
DA:140,1
DA:146,2
DA:148,2
DA:149,1
DA:152,3
DA:153,1
DA:154,1
DA:155,1
DA:156,1
DA:163,1
DA:164,2
DA:166,1
DA:167,1
DA:169,1
DA:170,2
LF:55
LH:55
end_of_record
SF:lib/src/mutex/read_write_mutex.dart
DA:18,6
DA:20,2
DA:23,1
DA:24,3
DA:27,2
DA:32,1
DA:36,1
DA:37,1
DA:39,2
DA:40,1
DA:42,1
DA:46,1
DA:47,2
DA:48,1
DA:53,1
DA:57,1
DA:58,2
DA:59,1
DA:63,2
DA:67,2
DA:68,2
DA:70,4
DA:71,2
DA:73,2
DA:77,1
DA:78,2
DA:79,1
DA:84,2
DA:88,2
DA:89,2
DA:90,2
DA:94,2
DA:95,2
DA:97,8
DA:99,2
DA:100,2
DA:101,1
DA:103,2
DA:104,1
DA:108,2
DA:113,2
DA:114,6
DA:116,4
DA:117,2
DA:119,2
DA:120,1
DA:121,4
DA:122,2
DA:127,1
DA:128,3
DA:130,2
DA:131,1
DA:132,5
DA:133,3
DA:138,1
DA:139,3
DA:141,2
DA:142,1
DA:144,3
DA:145,1
DA:147,1
DA:152,1
DA:153,5
DA:154,2
DA:155,2
DA:156,1
DA:157,2
DA:162,2
DA:163,4
DA:164,4
DA:165,2
DA:166,4
DA:170,1
DA:175,1
DA:177,1
DA:179,1
DA:184,2
DA:189,2
DA:191,2
DA:193,2
DA:197,1
DA:202,1
DA:206,1
DA:208,1
DA:213,2
DA:216,3
DA:219,3
DA:228,2
LF:88
LH:88
end_of_record
SF:lib/src/simple_mutex/simple_mutex_interface.dart
DA:29,3
DA:35,1
DA:39,1
DA:40,2
DA:42,1
DA:46,1
DA:47,2
DA:52,1
DA:56,3
DA:59,3
LF:10
LH:10
end_of_record
